<?xml version="1.0" encoding="UTF-8"?>
<testsuite name="com.ossm.remote.viewmodel.BleViewModelTest" tests="6" skipped="0" failures="0" errors="0" timestamp="2026-07-03T01:45:25" hostname="MIKOLO" time="2.64">
  <properties/>
  <testcase name="initial connection state is disconnected" classname="com.ossm.remote.viewmodel.BleViewModelTest" time="2.552"/>
  <testcase name="disconnect delegates to bleManager" classname="com.ossm.remote.viewmodel.BleViewModelTest" time="0.037"/>
  <testcase name="connect delegates to bleManager" classname="com.ossm.remote.viewmodel.BleViewModelTest" time="0.013"/>
  <testcase name="emergencyStop delegates to bleManager" classname="com.ossm.remote.viewmodel.BleViewModelTest" time="0.01"/>
  <testcase name="startScan delegates to bleManager" classname="com.ossm.remote.viewmodel.BleViewModelTest" time="0.008"/>
  <testcase name="state reflects bleManager state changes" classname="com.ossm.remote.viewmodel.BleViewModelTest" time="0.019"/>
  <system-out><![CDATA[]]></system-out>
  <system-err><![CDATA[]]></system-err>
</testsuite>
