<?xml version="1.0" encoding="UTF-8"?>
<testsuite name="com.ossm.remote.viewmodel.BleViewModelTest" tests="6" skipped="0" failures="0" errors="0" timestamp="2026-07-03T01:48:25" hostname="MIKOLO" time="3.765">
  <properties/>
  <testcase name="initial connection state is disconnected" classname="com.ossm.remote.viewmodel.BleViewModelTest" time="3.54"/>
  <testcase name="disconnect delegates to bleManager" classname="com.ossm.remote.viewmodel.BleViewModelTest" time="0.112"/>
  <testcase name="connect delegates to bleManager" classname="com.ossm.remote.viewmodel.BleViewModelTest" time="0.036"/>
  <testcase name="emergencyStop delegates to bleManager" classname="com.ossm.remote.viewmodel.BleViewModelTest" time="0.02"/>
  <testcase name="startScan delegates to bleManager" classname="com.ossm.remote.viewmodel.BleViewModelTest" time="0.009"/>
  <testcase name="state reflects bleManager state changes" classname="com.ossm.remote.viewmodel.BleViewModelTest" time="0.046"/>
  <system-out><![CDATA[]]></system-out>
  <system-err><![CDATA[]]></system-err>
</testsuite>
